2025-09-22 20:25:54,736 [Worker-7: Loading available Gradle versions] INFO  o.e.b.c.i.u.g.PublishedGradleVersions - Gradle version information cache is not available. Remote download required.
2025-09-22 20:26:14,956 [Worker-8: Importing Maven projects] INFO  o.e.m.c.i.l.LifecycleMappingFactory - Using org.eclipse.m2e.jdt.JarLifecycleMapping lifecycle mapping for MavenProject: com.example:quiz-builder-backend:0.0.1-SNAPSHOT @ D:\QUIZ-FULLSTACK-JENKINS\quiz-builder-backend\pom.xml.
2025-09-22 20:26:16,782 [Worker-8: Importing Maven projects] INFO  o.e.m.j.i.AbstractJavaProjectConfigurator - Adding source folder /quiz-builder-backend/src/main/java
2025-09-22 20:26:16,788 [Worker-8: Importing Maven projects] INFO  o.e.m.j.i.AbstractJavaProjectConfigurator - Adding resource folder /quiz-builder-backend/src/main/resources
2025-09-22 20:26:16,789 [Worker-8: Importing Maven projects] INFO  o.e.m.j.i.AbstractJavaProjectConfigurator - Adding resource folder /quiz-builder-backend/src/main/resources
2025-09-22 20:26:16,791 [Worker-8: Importing Maven projects] INFO  o.e.m.j.i.AbstractJavaProjectConfigurator - Adding source folder /quiz-builder-backend/src/test/java
2025-09-22 20:26:16,793 [Worker-8: Importing Maven projects] INFO  o.e.m.j.i.AbstractJavaProjectConfigurator - Adding resource folder /quiz-builder-backend/src/test/resources
2025-09-22 20:26:17,118 [Worker-8: Importing Maven projects] INFO  o.e.m.c.i.p.ProjectConfigurationManager - Imported and configured 1 project(s) in 4 sec
2025-09-22 20:26:18,479 [Worker-7: Building] INFO  o.a.m.s.f.DefaultMavenResourcesFiltering - Copying 1 resource from src\main\resources to target\classes
2025-09-22 20:26:18,501 [Worker-7: Building] INFO  o.a.m.s.f.DefaultMavenResourcesFiltering - Copying 0 resource from src\main\resources to target\classes
2025-09-22 20:26:18,508 [Worker-7: Building] INFO  o.a.m.s.f.DefaultMavenResourcesFiltering - skip non existing resourceDirectory D:\QUIZ-FULLSTACK-JENKINS\quiz-builder-backend\src\test\resources
2025-09-22 20:28:16,825 [Worker-7: Building] INFO  o.a.m.s.f.DefaultMavenResourcesFiltering - Copying 1 resource from src\main\resources to target\classes
2025-09-22 20:28:16,829 [Worker-7: Building] INFO  o.a.m.s.f.DefaultMavenResourcesFiltering - Copying 0 resource from src\main\resources to target\classes
2025-09-22 20:28:16,832 [Worker-7: Building] INFO  o.a.m.s.f.DefaultMavenResourcesFiltering - skip non existing resourceDirectory D:\QUIZ-FULLSTACK-JENKINS\quiz-builder-backend\src\test\resources
2025-09-22 20:28:52,315 [Worker-7: Building] INFO  o.e.m.c.i.l.LifecycleMappingFactory - Using org.eclipse.m2e.jdt.JarLifecycleMapping lifecycle mapping for MavenProject: com.example:quiz-builder-backend:0.0.1-SNAPSHOT @ D:\QUIZ-FULLSTACK-JENKINS\quiz-builder-backend\pom.xml.
2025-09-22 20:28:53,013 [Worker-7: Building] INFO  o.a.m.s.f.DefaultMavenResourcesFiltering - Copying 0 resource from src\main\resources to target\classes
2025-09-22 20:28:53,014 [Worker-7: Building] INFO  o.a.m.s.f.DefaultMavenResourcesFiltering - Copying 0 resource from src\main\resources to target\classes
2025-09-22 20:28:53,016 [Worker-7: Building] INFO  o.a.m.s.f.DefaultMavenResourcesFiltering - skip non existing resourceDirectory D:\QUIZ-FULLSTACK-JENKINS\quiz-builder-backend\src\test\resources
2025-09-22 20:29:12,208 [Worker-15: Building] INFO  o.e.m.c.i.l.LifecycleMappingFactory - Using org.eclipse.m2e.jdt.JarLifecycleMapping lifecycle mapping for MavenProject: com.example:quiz-builder-backend:0.0.1-SNAPSHOT @ D:\QUIZ-FULLSTACK-JENKINS\quiz-builder-backend\pom.xml.
2025-09-22 20:29:12,852 [Worker-15: Building] INFO  o.a.m.s.f.DefaultMavenResourcesFiltering - Copying 0 resource from src\main\resources to target\classes
2025-09-22 20:29:12,853 [Worker-15: Building] INFO  o.a.m.s.f.DefaultMavenResourcesFiltering - Copying 0 resource from src\main\resources to target\classes
2025-09-22 20:29:12,857 [Worker-15: Building] INFO  o.a.m.s.f.DefaultMavenResourcesFiltering - skip non existing resourceDirectory D:\QUIZ-FULLSTACK-JENKINS\quiz-builder-backend\src\test\resources
2025-09-22 20:29:27,014 [Worker-7: Building] INFO  o.e.m.c.i.l.LifecycleMappingFactory - Using org.eclipse.m2e.jdt.JarLifecycleMapping lifecycle mapping for MavenProject: com.example:quiz-builder-backend:0.0.1-SNAPSHOT @ D:\QUIZ-FULLSTACK-JENKINS\quiz-builder-backend\pom.xml.
2025-09-22 20:29:27,436 [Worker-7: Building] INFO  o.a.m.s.f.DefaultMavenResourcesFiltering - Copying 0 resource from src\main\resources to target\classes
2025-09-22 20:29:27,436 [Worker-7: Building] INFO  o.a.m.s.f.DefaultMavenResourcesFiltering - Copying 0 resource from src\main\resources to target\classes
2025-09-22 20:29:27,439 [Worker-7: Building] INFO  o.a.m.s.f.DefaultMavenResourcesFiltering - skip non existing resourceDirectory D:\QUIZ-FULLSTACK-JENKINS\quiz-builder-backend\src\test\resources
2025-09-22 20:30:08,361 [Worker-11: Building] INFO  o.e.m.c.i.l.LifecycleMappingFactory - Using org.eclipse.m2e.jdt.JarLifecycleMapping lifecycle mapping for MavenProject: com.example:quiz-builder-backend:0.0.1-SNAPSHOT @ D:\QUIZ-FULLSTACK-JENKINS\quiz-builder-backend\pom.xml.
2025-09-22 20:30:08,716 [Worker-11: Building] INFO  o.a.m.s.f.DefaultMavenResourcesFiltering - Copying 0 resource from src\main\resources to target\classes
2025-09-22 20:30:08,717 [Worker-11: Building] INFO  o.a.m.s.f.DefaultMavenResourcesFiltering - Copying 0 resource from src\main\resources to target\classes
2025-09-22 20:30:08,720 [Worker-11: Building] INFO  o.a.m.s.f.DefaultMavenResourcesFiltering - skip non existing resourceDirectory D:\QUIZ-FULLSTACK-JENKINS\quiz-builder-backend\src\test\resources
